DEBUG - 2025-06-11 18:14:28 --> Session: Class initialized using 'CodeIgniter\Session\Handlers\FileHandler' driver.
CRITICAL - 2025-06-11 18:14:28 --> ErrorException: Undefined array key "categoria_id"
[Method: GET, Route: agregar]
in APPPATH\Views\agregar_productos_view.php on line 56.
 1 APPPATH\Views\agregar_productos_view.php(56): CodeIgniter\Debug\Exceptions->errorHandler(2, 'Undefined array key "categoria_id"', 'C:\\xampp\\htdocs\\Proyecto_Alex_Altamirano\\app\\Views\\agregar_productos_view.php', 56)
 2 SYSTEMPATH\View\View.php(224): include('C:\\xampp\\htdocs\\Proyecto_Alex_Altamirano\\app\\Views\\agregar_productos_view.php')
 3 SYSTEMPATH\View\View.php(227): CodeIgniter\View\View->CodeIgniter\View\{closure}()
 4 SYSTEMPATH\Common.php(1173): CodeIgniter\View\View->render('agregar_productos_view', [], true)
 5 APPPATH\Controllers\ProductosController.php(16): view('agregar_productos_view')
 6 SYSTEMPATH\CodeIgniter.php(933): App\Controllers\ProductosController->agregar_producto()
 7 SYSTEMPATH\CodeIgniter.php(507): CodeIgniter\CodeIgniter->runController(Object(App\Controllers\ProductosController))
 8 SYSTEMPATH\CodeIgniter.php(354): CodeIgniter\CodeIgniter->handleRequest(null, Object(Config\Cache), false)
 9 SYSTEMPATH\Boot.php(334): CodeIgniter\CodeIgniter->run()
10 SYSTEMPATH\Boot.php(67): CodeIgniter\Boot::runCodeIgniter(Object(CodeIgniter\CodeIgniter))
11 FCPATH\index.php(56): CodeIgniter\Boot::bootWeb(Object(Config\Paths))
DEBUG - 2025-06-11 18:45:33 --> Session: Class initialized using 'CodeIgniter\Session\Handlers\FileHandler' driver.
CRITICAL - 2025-06-11 18:45:33 --> ErrorException: Undefined array key "is_categoria"
[Method: GET, Route: agregar]
in APPPATH\Views\agregar_productos_view.php on line 56.
 1 APPPATH\Views\agregar_productos_view.php(56): CodeIgniter\Debug\Exceptions->errorHandler(2, 'Undefined array key "is_categoria"', 'C:\\xampp\\htdocs\\Proyecto_Alex_Altamirano\\app\\Views\\agregar_productos_view.php', 56)
 2 SYSTEMPATH\View\View.php(224): include('C:\\xampp\\htdocs\\Proyecto_Alex_Altamirano\\app\\Views\\agregar_productos_view.php')
 3 SYSTEMPATH\View\View.php(227): CodeIgniter\View\View->CodeIgniter\View\{closure}()
 4 SYSTEMPATH\Common.php(1173): CodeIgniter\View\View->render('agregar_productos_view', [], true)
 5 APPPATH\Controllers\ProductosController.php(16): view('agregar_productos_view')
 6 SYSTEMPATH\CodeIgniter.php(933): App\Controllers\ProductosController->agregar_producto()
 7 SYSTEMPATH\CodeIgniter.php(507): CodeIgniter\CodeIgniter->runController(Object(App\Controllers\ProductosController))
 8 SYSTEMPATH\CodeIgniter.php(354): CodeIgniter\CodeIgniter->handleRequest(null, Object(Config\Cache), false)
 9 SYSTEMPATH\Boot.php(334): CodeIgniter\CodeIgniter->run()
10 SYSTEMPATH\Boot.php(67): CodeIgniter\Boot::runCodeIgniter(Object(CodeIgniter\CodeIgniter))
11 FCPATH\index.php(56): CodeIgniter\Boot::bootWeb(Object(Config\Paths))
DEBUG - 2025-06-11 18:45:51 --> Session: Class initialized using 'CodeIgniter\Session\Handlers\FileHandler' driver.
CRITICAL - 2025-06-11 18:45:51 --> ErrorException: Undefined array key "id_marca"
[Method: GET, Route: agregar]
in APPPATH\Views\agregar_productos_view.php on line 69.
 1 APPPATH\Views\agregar_productos_view.php(69): CodeIgniter\Debug\Exceptions->errorHandler(2, 'Undefined array key "id_marca"', 'C:\\xampp\\htdocs\\Proyecto_Alex_Altamirano\\app\\Views\\agregar_productos_view.php', 69)
 2 SYSTEMPATH\View\View.php(224): include('C:\\xampp\\htdocs\\Proyecto_Alex_Altamirano\\app\\Views\\agregar_productos_view.php')
 3 SYSTEMPATH\View\View.php(227): CodeIgniter\View\View->CodeIgniter\View\{closure}()
 4 SYSTEMPATH\Common.php(1173): CodeIgniter\View\View->render('agregar_productos_view', [], true)
 5 APPPATH\Controllers\ProductosController.php(16): view('agregar_productos_view')
 6 SYSTEMPATH\CodeIgniter.php(933): App\Controllers\ProductosController->agregar_producto()
 7 SYSTEMPATH\CodeIgniter.php(507): CodeIgniter\CodeIgniter->runController(Object(App\Controllers\ProductosController))
 8 SYSTEMPATH\CodeIgniter.php(354): CodeIgniter\CodeIgniter->handleRequest(null, Object(Config\Cache), false)
 9 SYSTEMPATH\Boot.php(334): CodeIgniter\CodeIgniter->run()
10 SYSTEMPATH\Boot.php(67): CodeIgniter\Boot::runCodeIgniter(Object(CodeIgniter\CodeIgniter))
11 FCPATH\index.php(56): CodeIgniter\Boot::bootWeb(Object(Config\Paths))
DEBUG - 2025-06-11 18:49:57 --> Session: Class initialized using 'CodeIgniter\Session\Handlers\FileHandler' driver.
DEBUG - 2025-06-11 19:32:03 --> Session: Class initialized using 'CodeIgniter\Session\Handlers\FileHandler' driver.
DEBUG - 2025-06-11 20:18:33 --> Session: Class initialized using 'CodeIgniter\Session\Handlers\FileHandler' driver.
DEBUG - 2025-06-11 20:23:39 --> Session: Class initialized using 'CodeIgniter\Session\Handlers\FileHandler' driver.
DEBUG - 2025-06-11 20:30:00 --> Session: Class initialized using 'CodeIgniter\Session\Handlers\FileHandler' driver.
